InnoDB: using atomic writes.
2019-12-04 11:51:05 0 [Note] InnoDB: Mutexes and rw_locks use Windows interlocked functions
2019-12-04 11:51:05 0 [Note] InnoDB: Uses event mutexes
2019-12-04 11:51:05 0 [Note] InnoDB: Compressed tables use zlib 1.2.11
2019-12-04 11:51:05 0 [Note] InnoDB: Number of pools: 1
2019-12-04 11:51:05 0 [Note] InnoDB: Using SSE2 crc32 instructions
2019-12-04 11:51:05 0 [Note] InnoDB: Initializing buffer pool, total size = 16M, instances = 1, chunk size = 16M
2019-12-04 11:51:05 0 [Note] InnoDB: Completed initialization of buffer pool
2019-12-04 11:51:05 0 [Note] InnoDB: Starting crash recovery from checkpoint LSN=300288
2019-12-04 11:51:06 0 [Note] InnoDB: 128 out of 128 rollback segments are active.
2019-12-04 11:51:06 0 [Note] InnoDB: Removed temporary tablespace data file: "ibtmp1"
2019-12-04 11:51:06 0 [Note] InnoDB: Creating shared tablespace for temporary tables
2019-12-04 11:51:06 0 [Note] InnoDB: Setting file 'C:\xampp\mysql\data\ibtmp1' size to 12 MB. Physically writing the file full; Please wait ...
2019-12-04 11:51:06 0 [Note] InnoDB: File 'C:\xampp\mysql\data\ibtmp1' size is now 12 MB.
2019-12-04 11:51:06 0 [Note] InnoDB: Waiting for purge to start
2019-12-04 11:51:06 0 [Note] InnoDB: 10.4.8 started; log sequence number 300297; transaction id 171
2019-12-04 11:51:06 0 [Note] InnoDB: Loading buffer pool(s) from C:\xampp\mysql\data\ib_buffer_pool
2019-12-04 11:51:06 0 [Note] Plugin 'FEEDBACK' is disabled.
2019-12-04 11:51:06 0 [Note] Server socket created on IP: '::'.
2019-12-04 11:51:06 0 [Note] InnoDB: Buffer pool(s) load completed at 191204 11:51:06
InnoDB: using atomic writes.
2019-12-04 16:16:10 0 [Note] InnoDB: Mutexes and rw_locks use Windows interlocked functions
2019-12-04 16:16:10 0 [Note] InnoDB: Uses event mutexes
2019-12-04 16:16:10 0 [Note] InnoDB: Compressed tables use zlib 1.2.11
2019-12-04 16:16:10 0 [Note] InnoDB: Number of pools: 1
2019-12-04 16:16:10 0 [Note] InnoDB: Using SSE2 crc32 instructions
2019-12-04 16:16:10 0 [Note] InnoDB: Initializing buffer pool, total size = 16M, instances = 1, chunk size = 16M
2019-12-04 16:16:10 0 [Note] InnoDB: Completed initialization of buffer pool
2019-12-04 16:16:10 0 [Note] InnoDB: Starting crash recovery from checkpoint LSN=503405
2019-12-04 16:16:10 0 [Note] InnoDB: 128 out of 128 rollback segments are active.
2019-12-04 16:16:10 0 [Note] InnoDB: Removed temporary tablespace data file: "ibtmp1"
2019-12-04 16:16:10 0 [Note] InnoDB: Creating shared tablespace for temporary tables
2019-12-04 16:16:10 0 [Note] InnoDB: Setting file 'C:\xampp\mysql\data\ibtmp1' size to 12 MB. Physically writing the file full; Please wait ...
2019-12-04 16:16:10 0 [Note] InnoDB: File 'C:\xampp\mysql\data\ibtmp1' size is now 12 MB.
2019-12-04 16:16:10 0 [Note] InnoDB: Waiting for purge to start
2019-12-04 16:16:10 0 [Note] InnoDB: 10.4.8 started; log sequence number 503414; transaction id 315
2019-12-04 16:16:10 0 [Note] InnoDB: Loading buffer pool(s) from C:\xampp\mysql\data\ib_buffer_pool
2019-12-04 16:16:10 0 [Note] Plugin 'FEEDBACK' is disabled.
2019-12-04 16:16:11 0 [Note] InnoDB: Buffer pool(s) load completed at 191204 16:16:11
2019-12-04 16:16:11 0 [Note] Server socket created on IP: '::'.
2019-12-04 16:16:11 0 [Note] Reading of all Master_info entries succeeded
2019-12-04 16:16:11 0 [Note] Added new Master_info '' to hash table
2019-12-04 16:16:11 0 [Note] mysql\bin\mysqld.exe: ready for connections.
Version: '10.4.8-MariaDB'  socket: ''  port: 3306  mariadb.org binary distribution
InnoDB: using atomic writes.
2019-12-05  9:52:15 0 [Note] InnoDB: Mutexes and rw_locks use Windows interlocked functions
2019-12-05  9:52:15 0 [Note] InnoDB: Uses event mutexes
2019-12-05  9:52:15 0 [Note] InnoDB: Compressed tables use zlib 1.2.11
2019-12-05  9:52:15 0 [Note] InnoDB: Number of pools: 1
2019-12-05  9:52:15 0 [Note] InnoDB: Using SSE2 crc32 instructions
2019-12-05  9:52:15 0 [Note] InnoDB: Initializing buffer pool, total size = 16M, instances = 1, chunk size = 16M
2019-12-05  9:52:15 0 [Note] InnoDB: Completed initialization of buffer pool
2019-12-05  9:52:15 0 [Note] InnoDB: Starting crash recovery from checkpoint LSN=516388
2019-12-05  9:52:16 0 [Note] InnoDB: 128 out of 128 rollback segments are active.
2019-12-05  9:52:16 0 [Note] InnoDB: Removed temporary tablespace data file: "ibtmp1"
2019-12-05  9:52:16 0 [Note] InnoDB: Creating shared tablespace for temporary tables
2019-12-05  9:52:16 0 [Note] InnoDB: Setting file 'C:\xampp\mysql\data\ibtmp1' size to 12 MB. Physically writing the file full; Please wait ...
2019-12-05  9:52:16 0 [Note] InnoDB: File 'C:\xampp\mysql\data\ibtmp1' size is now 12 MB.
2019-12-05  9:52:16 0 [Note] InnoDB: Waiting for purge to start
2019-12-05  9:52:16 0 [Note] InnoDB: 10.4.8 started; log sequence number 516397; transaction id 404
2019-12-05  9:52:16 0 [Note] InnoDB: Loading buffer pool(s) from C:\xampp\mysql\data\ib_buffer_pool
2019-12-05  9:52:16 0 [Note] Plugin 'FEEDBACK' is disabled.
2019-12-05  9:52:16 0 [Note] InnoDB: Buffer pool(s) load completed at 191205  9:52:16
2019-12-05  9:52:16 0 [Note] Server socket created on IP: '::'.
InnoDB: using atomic writes.
2019-12-05 12:11:36 0 [Note] InnoDB: Mutexes and rw_locks use Windows interlocked functions
2019-12-05 12:11:36 0 [Note] InnoDB: Uses event mutexes
2019-12-05 12:11:36 0 [Note] InnoDB: Compressed tables use zlib 1.2.11
2019-12-05 12:11:36 0 [Note] InnoDB: Number of pools: 1
2019-12-05 12:11:36 0 [Note] InnoDB: Using SSE2 crc32 instructions
2019-12-05 12:11:36 0 [Note] InnoDB: Initializing buffer pool, total size = 16M, instances = 1, chunk size = 16M
2019-12-05 12:11:36 0 [Note] InnoDB: Completed initialization of buffer pool
2019-12-05 12:11:36 0 [Note] InnoDB: Starting crash recovery from checkpoint LSN=530959
2019-12-05 12:11:37 0 [Note] InnoDB: 128 out of 128 rollback segments are active.
2019-12-05 12:11:37 0 [Note] InnoDB: Removed temporary tablespace data file: "ibtmp1"
2019-12-05 12:11:37 0 [Note] InnoDB: Creating shared tablespace for temporary tables
2019-12-05 12:11:37 0 [Note] InnoDB: Setting file 'C:\xampp\mysql\data\ibtmp1' size to 12 MB. Physically writing the file full; Please wait ...
2019-12-05 12:11:37 0 [Note] InnoDB: File 'C:\xampp\mysql\data\ibtmp1' size is now 12 MB.
2019-12-05 12:11:37 0 [Note] InnoDB: Waiting for purge to start
2019-12-05 12:11:37 0 [Note] InnoDB: 10.4.8 started; log sequence number 530968; transaction id 469
2019-12-05 12:11:37 0 [Note] InnoDB: Loading buffer pool(s) from C:\xampp\mysql\data\ib_buffer_pool
2019-12-05 12:11:37 0 [Note] Plugin 'FEEDBACK' is disabled.
2019-12-05 12:11:37 0 [Note] InnoDB: Buffer pool(s) load completed at 191205 12:11:37
2019-12-05 12:11:37 0 [Note] Server socket created on IP: '::'.
