[Wed Dec 04 11:49:30.199638 2019] [ssl:warn] [pid 11252:tid 648] AH01909: www.example.com:443:0 server certificate does NOT include an ID which matches the server name
[Wed Dec 04 11:49:30.258326 2019] [ssl:warn] [pid 11252:tid 648] AH01909: www.example.com:443:0 server certificate does NOT include an ID which matches the server name
[Wed Dec 04 11:49:30.306781 2019] [mpm_winnt:notice] [pid 11252:tid 648] AH00455: Apache/2.4.41 (Win64) OpenSSL/1.1.1c PHP/7.3.11 configured -- resuming normal operations
[Wed Dec 04 11:49:30.306781 2019] [mpm_winnt:notice] [pid 11252:tid 648] AH00456: Apache Lounge VC15 Server built: Aug 11 2019 12:20:04
[Wed Dec 04 11:49:30.306781 2019] [core:notice] [pid 11252:tid 648] AH00094: Command line: 'C:\\xampp\\apache\\bin\\httpd.exe -d C:/xampp/apache'
[Wed Dec 04 11:49:30.316012 2019] [mpm_winnt:notice] [pid 11252:tid 648] AH00418: Parent: Created child process 10276
[Wed Dec 04 11:49:30.776383 2019] [ssl:warn] [pid 10276:tid 640] AH01909: www.example.com:443:0 server certificate does NOT include an ID which matches the server name
[Wed Dec 04 11:49:30.819294 2019] [ssl:warn] [pid 10276:tid 640] AH01909: www.example.com:443:0 server certificate does NOT include an ID which matches the server name
[Wed Dec 04 11:49:30.862787 2019] [mpm_winnt:notice] [pid 10276:tid 640] AH00354: Child: Starting 150 worker threads.
[Wed Dec 04 11:51:03.276206 2019] [ssl:warn] [pid 10596:tid 720] AH01909: www.example.com:443:0 server certificate does NOT include an ID which matches the server name
[Wed Dec 04 11:51:03.365662 2019] [ssl:warn] [pid 10596:tid 720] AH01909: www.example.com:443:0 server certificate does NOT include an ID which matches the server name
[Wed Dec 04 11:51:03.452732 2019] [mpm_winnt:notice] [pid 10596:tid 720] AH00455: Apache/2.4.41 (Win64) OpenSSL/1.1.1c PHP/7.3.11 configured -- resuming normal operations
[Wed Dec 04 11:51:03.452732 2019] [mpm_winnt:notice] [pid 10596:tid 720] AH00456: Apache Lounge VC15 Server built: Aug 11 2019 12:20:04
[Wed Dec 04 11:51:03.452732 2019] [core:notice] [pid 10596:tid 720] AH00094: Command line: 'c:\\xampp\\apache\\bin\\httpd.exe -d C:/xampp/apache'
[Wed Dec 04 11:51:03.470395 2019] [mpm_winnt:notice] [pid 10596:tid 720] AH00418: Parent: Created child process 11888
[Wed Dec 04 11:51:03.933793 2019] [ssl:warn] [pid 11888:tid 668] AH01909: www.example.com:443:0 server certificate does NOT include an ID which matches the server name
[Wed Dec 04 11:51:03.971387 2019] [ssl:warn] [pid 11888:tid 668] AH01909: www.example.com:443:0 server certificate does NOT include an ID which matches the server name
[Wed Dec 04 11:51:04.017481 2019] [mpm_winnt:notice] [pid 11888:tid 668] AH00354: Child: Starting 150 worker threads.
[Wed Dec 04 13:19:40.182581 2019] [php7:crit] [pid 11888:tid 1972] [client ::1:52400] PHP Parse error:  syntax error, unexpected '}', expecting end of file in C:\\xampp\\htdocs\\CSE370\\department.php on line 161
[Wed Dec 04 13:20:24.022511 2019] [php7:warn] [pid 11888:tid 1980] [client ::1:52403] PHP Warning:  Use of undefined constant mysqli_fetch - assumed 'mysqli_fetch' (this will throw an Error in a future version of PHP) in C:\\xampp\\htdocs\\CSE370\\department.php on line 149
[Wed Dec 04 13:20:24.022511 2019] [php7:warn] [pid 11888:tid 1980] [client ::1:52403] PHP Warning:  A non-numeric value encountered in C:\\xampp\\htdocs\\CSE370\\department.php on line 149
[Wed Dec 04 13:20:24.022511 2019] [php7:error] [pid 11888:tid 1980] [client ::1:52403] PHP Fatal error:  Uncaught Error: Unsupported operand types in C:\\xampp\\htdocs\\CSE370\\department.php:149\nStack trace:\n#0 {main}\n  thrown in C:\\xampp\\htdocs\\CSE370\\department.php on line 149
[Wed Dec 04 13:33:22.418607 2019] [php7:notice] [pid 11888:tid 1980] [client ::1:52502] PHP Notice:  Undefined index: ID in C:\\xampp\\htdocs\\CSE370\\courses.php on line 147, referer: http://localhost/cse370/department.php
[Wed Dec 04 13:33:52.724611 2019] [php7:notice] [pid 11888:tid 1972] [client ::1:52517] PHP Notice:  session_start(): A session had already been started - ignoring in C:\\xampp\\htdocs\\CSE370\\courses.php on line 146, referer: http://localhost/cse370/department.php
[Wed Dec 04 13:33:52.738741 2019] [php7:notice] [pid 11888:tid 1972] [client ::1:52517] PHP Notice:  Undefined index: ID in C:\\xampp\\htdocs\\CSE370\\courses.php on line 148, referer: http://localhost/cse370/department.php
[Wed Dec 04 13:36:54.445209 2019] [php7:notice] [pid 11888:tid 1980] [client ::1:52611] PHP Notice:  session_start(): A session had already been started - ignoring in C:\\xampp\\htdocs\\CSE370\\courses.php on line 146, referer: http://localhost/cse370/department.php
[Wed Dec 04 13:36:54.449760 2019] [php7:notice] [pid 11888:tid 1980] [client ::1:52611] PHP Notice:  Undefined index: ID in C:\\xampp\\htdocs\\CSE370\\courses.php on line 148, referer: http://localhost/cse370/department.php
[Wed Dec 04 13:37:30.385771 2019] [php7:notice] [pid 11888:tid 1980] [client ::1:52621] PHP Notice:  session_start(): A session had already been started - ignoring in C:\\xampp\\htdocs\\CSE370\\courses.php on line 146, referer: http://localhost/cse370/department.php
[Wed Dec 04 13:37:30.389768 2019] [php7:notice] [pid 11888:tid 1980] [client ::1:52621] PHP Notice:  Undefined index: ID in C:\\xampp\\htdocs\\CSE370\\courses.php on line 148, referer: http://localhost/cse370/department.php
[Wed Dec 04 13:39:17.673933 2019] [php7:notice] [pid 11888:tid 1980] [client ::1:52636] PHP Notice:  Undefined index: ID in C:\\xampp\\htdocs\\CSE370\\courses.php on line 148, referer: http://localhost/cse370/department.php
[Wed Dec 04 13:39:31.674073 2019] [php7:notice] [pid 11888:tid 1972] [client ::1:52641] PHP Notice:  Undefined index: ID in C:\\xampp\\htdocs\\CSE370\\courses.php on line 148, referer: http://localhost/cse370/department.php
[Wed Dec 04 13:39:42.278399 2019] [php7:notice] [pid 11888:tid 1980] [client ::1:52645] PHP Notice:  Undefined index: ID in C:\\xampp\\htdocs\\CSE370\\courses.php on line 148, referer: http://localhost/cse370/department.php
[Wed Dec 04 14:02:56.534908 2019] [php7:notice] [pid 11888:tid 1972] [client ::1:52855] PHP Notice:  Undefined index: ID in C:\\xampp\\htdocs\\CSE370\\courses.php on line 148, referer: http://localhost/cse370/department.php
[Wed Dec 04 14:03:53.044007 2019] [php7:notice] [pid 11888:tid 1980] [client ::1:52869] PHP Notice:  Undefined index: ID in C:\\xampp\\htdocs\\CSE370\\courses.php on line 148, referer: http://localhost/cse370/department.php
[Wed Dec 04 14:04:19.309702 2019] [php7:notice] [pid 11888:tid 1972] [client ::1:52872] PHP Notice:  Undefined index: ID in C:\\xampp\\htdocs\\CSE370\\courses.php on line 148, referer: http://localhost/cse370/department.php
[Wed Dec 04 14:06:29.593059 2019] [php7:notice] [pid 11888:tid 1980] [client ::1:52966] PHP Notice:  Undefined index: ID in C:\\xampp\\htdocs\\CSE370\\courses.php on line 149, referer: http://localhost/cse370/department.php
[Wed Dec 04 14:07:24.506520 2019] [php7:crit] [pid 11888:tid 1972] [client ::1:52973] PHP Parse error:  syntax error, unexpected ')' in C:\\xampp\\htdocs\\CSE370\\department.php on line 156, referer: http://localhost/cse370/index.html
[Wed Dec 04 16:16:11.636643 2019] [ssl:warn] [pid 1424:tid 644] AH01909: www.example.com:443:0 server certificate does NOT include an ID which matches the server name
[Wed Dec 04 16:16:11.703212 2019] [core:warn] [pid 1424:tid 644] AH00098: pid file C:/xampp/apache/logs/httpd.pid overwritten -- Unclean shutdown of previous Apache run?
[Wed Dec 04 16:16:11.720781 2019] [ssl:warn] [pid 1424:tid 644] AH01909: www.example.com:443:0 server certificate does NOT include an ID which matches the server name
[Wed Dec 04 16:16:12.140895 2019] [mpm_winnt:notice] [pid 1424:tid 644] AH00455: Apache/2.4.41 (Win64) OpenSSL/1.1.1c PHP/7.3.11 configured -- resuming normal operations
[Wed Dec 04 16:16:12.140895 2019] [mpm_winnt:notice] [pid 1424:tid 644] AH00456: Apache Lounge VC15 Server built: Aug 11 2019 12:20:04
[Wed Dec 04 16:16:12.140895 2019] [core:notice] [pid 1424:tid 644] AH00094: Command line: 'apache\\bin\\httpd.exe -d C:/xampp/apache -f conf\\httpd.conf'
[Wed Dec 04 16:16:12.151584 2019] [mpm_winnt:notice] [pid 1424:tid 644] AH00418: Parent: Created child process 5292
Apache server shutdown initiated...
sl:warn] [pid 5292:tid 660] AH01909: www.example.com:443:0 server certificate does NOT include an ID which matches the server name
[Wed Dec 04 16:16:12.609792 2019] [ssl:warn] [pid 5292:tid 660] AH01909: www.example.com:443:0 server certificate does NOT include an ID which matches the server name
[Wed Dec 04 16:16:12.642275 2019] [mpm_winnt:notice] [pid 5292:tid 660] AH00354: Child: Starting 150 worker threads.
[Wed Dec 04 16:16:15.132648 2019] [mpm_winnt:notice] [pid 1424:tid 644] AH00422: Parent: Received shutdown signal -- Shutting down the server.
[Wed Dec 04 16:16:17.157623 2019] [mpm_winnt:notice] [pid 5292:tid 660] AH00364: Child: All worker threads have exited.
[Wed Dec 04 16:16:17.210542 2019] [mpm_winnt:notice] [pid 1424:tid 644] AH00430: Parent: Child process 5292 exited successfully.
[Wed Dec 04 16:16:26.076740 2019] [ssl:warn] [pid 1844:tid 644] AH01909: www.example.com:443:0 server certificate does NOT include an ID which matches the server name
[Wed Dec 04 16:16:26.112850 2019] [ssl:warn] [pid 1844:tid 644] AH01909: www.example.com:443:0 server certificate does NOT include an ID which matches the server name
[Wed Dec 04 16:16:26.146742 2019] [mpm_winnt:notice] [pid 1844:tid 644] AH00455: Apache/2.4.41 (Win64) OpenSSL/1.1.1c PHP/7.3.11 configured -- resuming normal operations
[Wed Dec 04 16:16:26.146742 2019] [mpm_winnt:notice] [pid 1844:tid 644] AH00456: Apache Lounge VC15 Server built: Aug 11 2019 12:20:04
[Wed Dec 04 16:16:26.146742 2019] [core:notice] [pid 1844:tid 644] AH00094: Command line: 'c:\\xampp\\apache\\bin\\httpd.exe -d C:/xampp/apache'
[Wed Dec 04 16:16:26.158138 2019] [mpm_winnt:notice] [pid 1844:tid 644] AH00418: Parent: Created child process 10548
[Wed Dec 04 16:16:26.472344 2019] [ssl:warn] [pid 10548:tid 668] AH01909: www.example.com:443:0 server certificate does NOT include an ID which matches the server name
[Wed Dec 04 16:16:26.521181 2019] [ssl:warn] [pid 10548:tid 668] AH01909: www.example.com:443:0 server certificate does NOT include an ID which matches the server name
[Wed Dec 04 16:16:26.559552 2019] [mpm_winnt:notice] [pid 10548:tid 668] AH00354: Child: Starting 150 worker threads.
[Wed Dec 04 16:16:33.214245 2019] [php7:crit] [pid 10548:tid 1932] [client ::1:53546] PHP Parse error:  syntax error, unexpected 'echo' (T_ECHO) in C:\\xampp\\htdocs\\CSE370\\department.php on line 141
[Wed Dec 04 16:17:08.289359 2019] [php7:crit] [pid 10548:tid 1928] [client ::1:53549] PHP Parse error:  syntax error, unexpected 'include' (T_INCLUDE) in C:\\xampp\\htdocs\\CSE370\\department.php on line 142
[Wed Dec 04 16:17:35.847772 2019] [php7:crit] [pid 10548:tid 1932] [client ::1:53558] PHP Parse error:  syntax error, unexpected '$conn' (T_VARIABLE) in C:\\xampp\\htdocs\\CSE370\\department.php on line 145
[Wed Dec 04 16:19:15.127186 2019] [php7:warn] [pid 10548:tid 1928] [client ::1:53571] PHP Warning:  session_start(): Cannot start session when headers already sent in C:\\xampp\\htdocs\\CSE370\\department.php on line 141
[Wed Dec 04 16:19:47.150775 2019] [php7:warn] [pid 10548:tid 1932] [client ::1:53611] PHP Warning:  session_start(): Cannot start session when headers already sent in C:\\xampp\\htdocs\\CSE370\\department.php on line 140
[Wed Dec 04 16:20:57.222453 2019] [php7:notice] [pid 10548:tid 1928] [client ::1:53644] PHP Notice:  Undefined index: ID in C:\\xampp\\htdocs\\CSE370\\courses.php on line 149, referer: http://localhost/cse370/department.php
[Wed Dec 04 21:06:45.840905 2019] [php7:notice] [pid 10548:tid 1916] [client ::1:55600] PHP Notice:  Undefined index: ID in C:\\xampp\\htdocs\\CSE370\\course-single.php on line 5, referer: http://localhost/cse370/courses.php?id=CSE
[Wed Dec 04 21:07:42.994841 2019] [php7:notice] [pid 10548:tid 1916] [client ::1:55608] PHP Notice:  Undefined index: ID in C:\\xampp\\htdocs\\CSE370\\course-single.php on line 5, referer: http://localhost/cse370/courses.php?id=CSE
[Wed Dec 04 21:18:35.843830 2019] [php7:crit] [pid 10548:tid 1916] [client ::1:55631] PHP Parse error:  syntax error, unexpected ';' in C:\\xampp\\htdocs\\CSE370\\register.php on line 226
[Wed Dec 04 21:19:37.993332 2019] [php7:notice] [pid 10548:tid 1916] [client ::1:55675] PHP Notice:  Undefined index: mail in C:\\xampp\\htdocs\\CSE370\\register.php on line 181, referer: http://localhost/cse370/register.php
[Wed Dec 04 21:19:37.993332 2019] [php7:notice] [pid 10548:tid 1916] [client ::1:55675] PHP Notice:  Undefined index: admin in C:\\xampp\\htdocs\\CSE370\\register.php on line 183, referer: http://localhost/cse370/register.php
[Wed Dec 04 21:19:37.993332 2019] [php7:notice] [pid 10548:tid 1916] [client ::1:55675] PHP Notice:  Undefined index: faculty in C:\\xampp\\htdocs\\CSE370\\register.php on line 184, referer: http://localhost/cse370/register.php
[Wed Dec 04 21:19:37.994330 2019] [php7:notice] [pid 10548:tid 1916] [client ::1:55675] PHP Notice:  Undefined variable: con in C:\\xampp\\htdocs\\CSE370\\register.php on line 192, referer: http://localhost/cse370/register.php
[Wed Dec 04 21:19:37.995329 2019] [php7:warn] [pid 10548:tid 1916] [client ::1:55675] PHP Warning:  mysqli_query() expects parameter 1 to be mysqli, null given in C:\\xampp\\htdocs\\CSE370\\register.php on line 192, referer: http://localhost/cse370/register.php
[Wed Dec 04 21:24:40.870525 2019] [php7:error] [pid 10548:tid 1932] [client ::1:55730] PHP Fatal error:  Uncaught Error: Call to undefined function mysql_num_rows() in C:\\xampp\\htdocs\\CSE370\\register.php:191\nStack trace:\n#0 {main}\n  thrown in C:\\xampp\\htdocs\\CSE370\\register.php on line 191, referer: http://localhost/cse370/register.php
[Wed Dec 04 21:25:52.959109 2019] [php7:notice] [pid 10548:tid 1916] [client ::1:55744] PHP Notice:  Undefined variable: con in C:\\xampp\\htdocs\\CSE370\\register.php on line 215, referer: http://localhost/cse370/register.php
[Wed Dec 04 21:25:52.959109 2019] [php7:warn] [pid 10548:tid 1916] [client ::1:55744] PHP Warning:  mysqli_query() expects parameter 1 to be mysqli, null given in C:\\xampp\\htdocs\\CSE370\\register.php on line 215, referer: http://localhost/cse370/register.php
[Wed Dec 04 21:25:52.959109 2019] [php7:notice] [pid 10548:tid 1916] [client ::1:55744] PHP Notice:  Undefined variable: _POSR in C:\\xampp\\htdocs\\CSE370\\register.php on line 230, referer: http://localhost/cse370/register.php
[Wed Dec 04 21:27:18.664600 2019] [php7:warn] [pid 10548:tid 1932] [client ::1:55754] PHP Warning:  Cannot modify header information - headers already sent by (output started at C:\\xampp\\htdocs\\CSE370\\register.php:6) in C:\\xampp\\htdocs\\CSE370\\register.php on line 224, referer: http://localhost/cse370/register.php
[Wed Dec 04 21:57:08.784619 2019] [php7:notice] [pid 10548:tid 1916] [client ::1:56025] PHP Notice:  Undefined variable: conn in C:\\xampp\\htdocs\\CSE370\\login.php on line 156, referer: http://localhost/cse370/login.php
[Wed Dec 04 21:57:08.785617 2019] [php7:warn] [pid 10548:tid 1916] [client ::1:56025] PHP Warning:  mysqli_query() expects parameter 1 to be mysqli, null given in C:\\xampp\\htdocs\\CSE370\\login.php on line 156, referer: http://localhost/cse370/login.php
[Wed Dec 04 21:58:31.998628 2019] [php7:warn] [pid 10548:tid 1888] [client ::1:56027] PHP Warning:  Cannot modify header information - headers already sent by (output started at C:\\xampp\\htdocs\\CSE370\\login.php:6) in C:\\xampp\\htdocs\\CSE370\\login.php on line 165, referer: http://localhost/cse370/login.php
[Wed Dec 04 22:01:00.993740 2019] [php7:warn] [pid 10548:tid 1916] [client ::1:56142] PHP Warning:  Cannot modify header information - headers already sent by (output started at C:\\xampp\\htdocs\\CSE370\\login.php:6) in C:\\xampp\\htdocs\\CSE370\\login.php on line 165, referer: http://localhost/cse370/login.php
[Wed Dec 04 22:09:29.510967 2019] [php7:warn] [pid 10548:tid 1916] [client ::1:56169] PHP Warning:  Cannot modify header information - headers already sent by (output started at C:\\xampp\\htdocs\\CSE370\\login.php:6) in C:\\xampp\\htdocs\\CSE370\\login.php on line 166, referer: http://localhost/cse370/login.php
[Wed Dec 04 22:11:54.668386 2019] [php7:warn] [pid 10548:tid 1888] [client ::1:56189] PHP Warning:  Cannot modify header information - headers already sent by (output started at C:\\xampp\\htdocs\\CSE370\\login.php:6) in C:\\xampp\\htdocs\\CSE370\\login.php on line 166, referer: http://localhost/cse370/login.php
[Wed Dec 04 22:12:07.297894 2019] [php7:warn] [pid 10548:tid 1916] [client ::1:56192] PHP Warning:  Cannot modify header information - headers already sent by (output started at C:\\xampp\\htdocs\\CSE370\\login.php:6) in C:\\xampp\\htdocs\\CSE370\\login.php on line 166, referer: http://localhost/cse370/login.php
[Wed Dec 04 22:12:16.119750 2019] [php7:warn] [pid 10548:tid 1888] [client ::1:56193] PHP Warning:  Cannot modify header information - headers already sent by (output started at C:\\xampp\\htdocs\\CSE370\\login.php:6) in C:\\xampp\\htdocs\\CSE370\\login.php on line 166, referer: http://localhost/cse370/login.php
[Wed Dec 04 22:12:29.790243 2019] [php7:warn] [pid 10548:tid 1916] [client ::1:56197] PHP Warning:  Cannot modify header information - headers already sent by (output started at C:\\xampp\\htdocs\\CSE370\\login.php:6) in C:\\xampp\\htdocs\\CSE370\\login.php on line 166, referer: http://localhost/cse370/login.php
[Wed Dec 04 22:12:50.983937 2019] [php7:warn] [pid 10548:tid 1916] [client ::1:56204] PHP Warning:  Cannot modify header information - headers already sent by (output started at C:\\xampp\\htdocs\\CSE370\\login.php:6) in C:\\xampp\\htdocs\\CSE370\\login.php on line 166, referer: http://localhost/cse370/login.php
[Wed Dec 04 22:14:03.458324 2019] [php7:crit] [pid 10548:tid 1888] [client ::1:56211] PHP Parse error:  syntax error, unexpected 'else' (T_ELSE), expecting end of file in C:\\xampp\\htdocs\\CSE370\\courses.php on line 66, referer: http://localhost/cse370/department.php
[Wed Dec 04 22:15:19.204592 2019] [php7:crit] [pid 10548:tid 1916] [client ::1:56214] PHP Parse error:  syntax error, unexpected 'else' (T_ELSE), expecting end of file in C:\\xampp\\htdocs\\CSE370\\courses.php on line 66, referer: http://localhost/cse370/department.php
[Wed Dec 04 22:15:23.529933 2019] [php7:crit] [pid 10548:tid 1916] [client ::1:56214] PHP Parse error:  syntax error, unexpected 'else' (T_ELSE), expecting end of file in C:\\xampp\\htdocs\\CSE370\\courses.php on line 66, referer: http://localhost/cse370/department.php
[Wed Dec 04 22:15:29.582134 2019] [php7:crit] [pid 10548:tid 1916] [client ::1:56214] PHP Parse error:  syntax error, unexpected 'else' (T_ELSE), expecting end of file in C:\\xampp\\htdocs\\CSE370\\courses.php on line 66, referer: http://localhost/cse370/department.php
[Wed Dec 04 22:16:14.545424 2019] [php7:crit] [pid 10548:tid 1888] [client ::1:56220] PHP Parse error:  syntax error, unexpected 'else' (T_ELSE), expecting end of file in C:\\xampp\\htdocs\\CSE370\\course-single.php on line 75, referer: http://localhost/cse370/courses.php?id=CSE
[Wed Dec 04 22:59:55.452483 2019] [php7:notice] [pid 10548:tid 1916] [client ::1:56542] PHP Notice:  Undefined variable: file in C:\\xampp\\htdocs\\CSE370\\upload.php on line 5, referer: http://localhost/cse370/bla.html
[Wed Dec 04 22:59:55.455640 2019] [php7:warn] [pid 10548:tid 1916] [client ::1:56542] PHP Warning:  move_uploaded_file(): The second argument to copy() function cannot be a directory in C:\\xampp\\htdocs\\CSE370\\upload.php on line 5, referer: http://localhost/cse370/bla.html
[Wed Dec 04 22:59:55.455640 2019] [php7:warn] [pid 10548:tid 1916] [client ::1:56542] PHP Warning:  move_uploaded_file(): Unable to move 'C:\\xampp\\tmp\\phpAD6C.tmp' to 'uploads/' in C:\\xampp\\htdocs\\CSE370\\upload.php on line 5, referer: http://localhost/cse370/bla.html
[Wed Dec 04 23:35:05.867106 2019] [php7:notice] [pid 10548:tid 1916] [client ::1:56908] PHP Notice:  Undefined index: file in C:\\xampp\\htdocs\\CSE370\\upload.php on line 3, referer: http://localhost/cse370/course-single.php?id=CSE111
[Wed Dec 04 23:53:44.451433 2019] [php7:notice] [pid 10548:tid 1928] [client ::1:57147] PHP Notice:  Undefined index: CID in C:\\xampp\\htdocs\\CSE370\\upload.php on line 5, referer: http://localhost/cse370/course-single.php?id=CSE111
[Wed Dec 04 23:53:44.452431 2019] [php7:notice] [pid 10548:tid 1928] [client ::1:57147] PHP Notice:  Undefined index: UID in C:\\xampp\\htdocs\\CSE370\\upload.php on line 6, referer: http://localhost/cse370/course-single.php?id=CSE111
[Wed Dec 04 23:53:44.454425 2019] [php7:notice] [pid 10548:tid 1928] [client ::1:57147] PHP Notice:  Undefined variable: CiD in C:\\xampp\\htdocs\\CSE370\\upload.php on line 9, referer: http://localhost/cse370/course-single.php?id=CSE111
[Wed Dec 04 23:53:44.455422 2019] [php7:notice] [pid 10548:tid 1928] [client ::1:57147] PHP Notice:  Undefined variable: conn in C:\\xampp\\htdocs\\CSE370\\upload.php on line 10, referer: http://localhost/cse370/course-single.php?id=CSE111
[Wed Dec 04 23:53:44.456531 2019] [php7:warn] [pid 10548:tid 1928] [client ::1:57147] PHP Warning:  mysqli_query() expects parameter 1 to be mysqli, null given in C:\\xampp\\htdocs\\CSE370\\upload.php on line 10, referer: http://localhost/cse370/course-single.php?id=CSE111
[Wed Dec 04 23:58:50.952892 2019] [php7:notice] [pid 10548:tid 1916] [client ::1:57157] PHP Notice:  Undefined index: CID in C:\\xampp\\htdocs\\CSE370\\upload.php on line 8, referer: http://localhost/cse370/course-single.php?id=CSE111
[Thu Dec 05 00:31:04.231242 2019] [php7:notice] [pid 10548:tid 1880] [client ::1:57578] PHP Notice:  Undefined index: Category in C:\\xampp\\htdocs\\CSE370\\about.php on line 143
[Thu Dec 05 00:38:42.812996 2019] [php7:warn] [pid 10548:tid 1932] [client ::1:57634] PHP Warning:  mysqli_fetch_array() expects parameter 1 to be mysqli_result, bool given in C:\\xampp\\htdocs\\CSE370\\about.php on line 164
[Thu Dec 05 00:41:02.793166 2019] [php7:notice] [pid 10548:tid 1880] [client ::1:57656] PHP Notice:  Undefined index: NAME in C:\\xampp\\htdocs\\CSE370\\about.php on line 169
[Thu Dec 05 00:54:06.542092 2019] [php7:crit] [pid 10548:tid 1880] [client ::1:57863] PHP Parse error:  syntax error, unexpected '=' in C:\\xampp\\htdocs\\CSE370\\approved.php on line 7, referer: http://localhost/cse370/about.php
[Thu Dec 05 09:52:16.470256 2019] [ssl:warn] [pid 4776:tid 672] AH01909: www.example.com:443:0 server certificate does NOT include an ID which matches the server name
[Thu Dec 05 09:52:16.540200 2019] [core:warn] [pid 4776:tid 672] AH00098: pid file C:/xampp/apache/logs/httpd.pid overwritten -- Unclean shutdown of previous Apache run?
[Thu Dec 05 09:52:16.551302 2019] [ssl:warn] [pid 4776:tid 672] AH01909: www.example.com:443:0 server certificate does NOT include an ID which matches the server name
[Thu Dec 05 09:52:16.981518 2019] [mpm_winnt:notice] [pid 4776:tid 672] AH00455: Apache/2.4.41 (Win64) OpenSSL/1.1.1c PHP/7.3.11 configured -- resuming normal operations
[Thu Dec 05 09:52:16.981518 2019] [mpm_winnt:notice] [pid 4776:tid 672] AH00456: Apache Lounge VC15 Server built: Aug 11 2019 12:20:04
[Thu Dec 05 09:52:16.981518 2019] [core:notice] [pid 4776:tid 672] AH00094: Command line: 'c:\\xampp\\apache\\bin\\httpd.exe -d C:/xampp/apache'
[Thu Dec 05 09:52:16.987846 2019] [mpm_winnt:notice] [pid 4776:tid 672] AH00418: Parent: Created child process 3736
[Thu Dec 05 09:52:17.364496 2019] [ssl:warn] [pid 3736:tid 636] AH01909: www.example.com:443:0 server certificate does NOT include an ID which matches the server name
[Thu Dec 05 09:52:17.399469 2019] [ssl:warn] [pid 3736:tid 636] AH01909: www.example.com:443:0 server certificate does NOT include an ID which matches the server name
[Thu Dec 05 09:52:17.432208 2019] [mpm_winnt:notice] [pid 3736:tid 636] AH00354: Child: Starting 150 worker threads.
[Thu Dec 05 09:53:15.572305 2019] [php7:error] [pid 3736:tid 1888] [client ::1:58377] script 'C:/xampp/htdocs/cse370.index.php' not found or unable to stat
[Thu Dec 05 10:07:06.085736 2019] [php7:crit] [pid 3736:tid 1896] [client ::1:58707] PHP Parse error:  syntax error, unexpected 'else' (T_ELSE), expecting end of file in C:\\xampp\\htdocs\\CSE370\\index.php on line 68
[Thu Dec 05 10:07:54.386355 2019] [php7:crit] [pid 3736:tid 1888] [client ::1:58712] PHP Parse error:  syntax error, unexpected end of file in C:\\xampp\\htdocs\\CSE370\\index.php on line 681
[Thu Dec 05 10:30:47.686746 2019] [php7:crit] [pid 3736:tid 1896] [client ::1:59091] PHP Parse error:  syntax error, unexpected '=' in C:\\xampp\\htdocs\\CSE370\\approved.php on line 7, referer: http://localhost/cse370/about.php
[Thu Dec 05 10:31:54.811380 2019] [php7:notice] [pid 3736:tid 1888] [client ::1:59103] PHP Notice:  Undefined index: ID in C:\\xampp\\htdocs\\CSE370\\approved.php on line 6, referer: http://localhost/cse370/about.php
[Thu Dec 05 10:32:21.653507 2019] [php7:notice] [pid 3736:tid 1896] [client ::1:59107] PHP Notice:  Undefined index: ID in C:\\xampp\\htdocs\\CSE370\\approved.php on line 6, referer: http://localhost/cse370/about.php
[Thu Dec 05 10:32:24.723105 2019] [php7:notice] [pid 3736:tid 1896] [client ::1:59107] PHP Notice:  Undefined index: ID in C:\\xampp\\htdocs\\CSE370\\approved.php on line 6, referer: http://localhost/cse370/about.php
[Thu Dec 05 10:35:16.374873 2019] [php7:notice] [pid 3736:tid 1896] [client ::1:59128] PHP Notice:  Undefined variable: bracu_id in C:\\xampp\\htdocs\\CSE370\\login.php on line 165, referer: http://localhost/cse370/login.php
[Thu Dec 05 10:35:16.494611 2019] [php7:crit] [pid 3736:tid 1896] [client ::1:59128] PHP Parse error:  syntax error, unexpected end of file in C:\\xampp\\htdocs\\CSE370\\index.php on line 681, referer: http://localhost/cse370/login.php
[Thu Dec 05 10:36:29.826411 2019] [php7:notice] [pid 3736:tid 1896] [client ::1:59139] PHP Notice:  Undefined variable: bracu_id in C:\\xampp\\htdocs\\CSE370\\login.php on line 165, referer: http://localhost/cse370/login.php
[Thu Dec 05 10:37:07.979468 2019] [php7:notice] [pid 3736:tid 1896] [client ::1:59144] PHP Notice:  Undefined variable: bracu_id in C:\\xampp\\htdocs\\CSE370\\login.php on line 165, referer: http://localhost/cse370/login.php
[Thu Dec 05 10:50:10.039038 2019] [php7:notice] [pid 3736:tid 1896] [client ::1:59247] PHP Notice:  Undefined variable: bracu_id in C:\\xampp\\htdocs\\CSE370\\login.php on line 165, referer: http://localhost/cse370/login.php
[Thu Dec 05 10:50:56.601413 2019] [php7:notice] [pid 3736:tid 1896] [client ::1:59265] PHP Notice:  Undefined variable: bracu_id in C:\\xampp\\htdocs\\CSE370\\login.php on line 165, referer: http://localhost/cse370/login.php
[Thu Dec 05 10:50:56.725849 2019] [php7:crit] [pid 3736:tid 1896] [client ::1:59265] PHP Parse error:  syntax error, unexpected '>' in C:\\xampp\\htdocs\\CSE370\\index.php on line 63, referer: http://localhost/cse370/login.php
[Thu Dec 05 10:51:29.242781 2019] [php7:notice] [pid 3736:tid 1888] [client ::1:59275] PHP Notice:  Undefined variable: bracu_id in C:\\xampp\\htdocs\\CSE370\\login.php on line 165, referer: http://localhost/cse370/login.php
[Thu Dec 05 10:54:59.666738 2019] [php7:notice] [pid 3736:tid 1888] [client ::1:59319] PHP Notice:  Undefined variable: bracu_id in C:\\xampp\\htdocs\\CSE370\\login.php on line 165, referer: http://localhost/cse370/login.php
[Thu Dec 05 11:01:13.901045 2019] [php7:notice] [pid 3736:tid 1896] [client ::1:59425] PHP Notice:  Undefined variable: bracu_id in C:\\xampp\\htdocs\\CSE370\\login.php on line 165, referer: http://localhost/cse370/login.php
[Thu Dec 05 11:05:25.770826 2019] [php7:notice] [pid 3736:tid 1896] [client ::1:59532] PHP Notice:  Undefined variable: bracu_id in C:\\xampp\\htdocs\\CSE370\\login.php on line 165, referer: http://localhost/cse370/login.php
[Thu Dec 05 11:06:02.157294 2019] [php7:notice] [pid 3736:tid 1888] [client ::1:59545] PHP Notice:  Undefined variable: row in C:\\xampp\\htdocs\\CSE370\\courses.php on line 146, referer: http://localhost/cse370/department.php
[Thu Dec 05 11:06:02.158689 2019] [php7:error] [pid 3736:tid 1888] [client ::1:59545] PHP Fatal error:  Cannot redeclare OpenCon() (previously declared in C:\\xampp\\htdocs\\CSE370\\db.php:4) in C:\\xampp\\htdocs\\CSE370\\db.php on line 12, referer: http://localhost/cse370/department.php
[Thu Dec 05 11:06:42.325494 2019] [php7:notice] [pid 3736:tid 1896] [client ::1:59549] PHP Notice:  Undefined variable: row in C:\\xampp\\htdocs\\CSE370\\courses.php on line 146, referer: http://localhost/cse370/department.php
[Thu Dec 05 11:07:19.205262 2019] [php7:notice] [pid 3736:tid 1888] [client ::1:59552] PHP Notice:  Undefined variable: row in C:\\xampp\\htdocs\\CSE370\\courses.php on line 148, referer: http://localhost/cse370/department.php
[Thu Dec 05 11:07:37.103715 2019] [php7:notice] [pid 3736:tid 1888] [client ::1:59556] PHP Notice:  Undefined variable: bracu_id in C:\\xampp\\htdocs\\CSE370\\login.php on line 165, referer: http://localhost/cse370/login.php
[Thu Dec 05 11:23:45.415955 2019] [php7:notice] [pid 3736:tid 1888] [client ::1:59695] PHP Notice:  Undefined variable: bracu_id in C:\\xampp\\htdocs\\CSE370\\login.php on line 171, referer: http://localhost/cse370/login.php?id=CSE
[Thu Dec 05 11:24:39.890090 2019] [php7:notice] [pid 3736:tid 1888] [client ::1:59705] PHP Notice:  Undefined index: id in C:\\xampp\\htdocs\\CSE370\\newCourse.php on line 6
[Thu Dec 05 11:32:00.799549 2019] [php7:crit] [pid 3736:tid 1888] [client ::1:59792] PHP Parse error:  syntax error, unexpected end of file in C:\\xampp\\htdocs\\CSE370\\newCourse.php on line 219
[Thu Dec 05 11:32:25.133024 2019] [php7:notice] [pid 3736:tid 1896] [client ::1:59804] PHP Notice:  Undefined index: id in C:\\xampp\\htdocs\\CSE370\\newCourse.php on line 6
[Thu Dec 05 11:32:52.690220 2019] [php7:notice] [pid 3736:tid 1888] [client ::1:59865] PHP Notice:  Undefined index: id in C:\\xampp\\htdocs\\CSE370\\newCourse.php on line 6
[Thu Dec 05 11:33:11.421681 2019] [php7:notice] [pid 3736:tid 1896] [client ::1:59868] PHP Notice:  Undefined index: id in C:\\xampp\\htdocs\\CSE370\\newCourse.php on line 6
[Thu Dec 05 11:34:38.525168 2019] [php7:crit] [pid 3736:tid 1888] [client ::1:59891] PHP Parse error:  syntax error, unexpected '=' in C:\\xampp\\htdocs\\CSE370\\newCourse.php on line 171
[Thu Dec 05 11:34:51.625404 2019] [php7:notice] [pid 3736:tid 1896] [client ::1:59893] PHP Notice:  Undefined index: id in C:\\xampp\\htdocs\\CSE370\\newCourse.php on line 6
[Thu Dec 05 11:35:10.134788 2019] [php7:notice] [pid 3736:tid 1896] [client ::1:59903] PHP Notice:  Undefined index: id in C:\\xampp\\htdocs\\CSE370\\newCourse.php on line 6
[Thu Dec 05 11:35:43.017423 2019] [php7:notice] [pid 3736:tid 1888] [client ::1:59917] PHP Notice:  Undefined index: pass in C:\\xampp\\htdocs\\CSE370\\register.php on line 186, referer: http://localhost/cse370/newCourse.php
[Thu Dec 05 11:35:43.018380 2019] [php7:notice] [pid 3736:tid 1888] [client ::1:59917] PHP Notice:  Undefined index: pword2 in C:\\xampp\\htdocs\\CSE370\\register.php on line 187, referer: http://localhost/cse370/newCourse.php
[Thu Dec 05 11:35:43.018913 2019] [php7:notice] [pid 3736:tid 1888] [client ::1:59917] PHP Notice:  Undefined index: email in C:\\xampp\\htdocs\\CSE370\\register.php on line 189, referer: http://localhost/cse370/newCourse.php
[Thu Dec 05 11:36:24.835660 2019] [php7:notice] [pid 3736:tid 1896] [client ::1:59928] PHP Notice:  Undefined index: id in C:\\xampp\\htdocs\\CSE370\\newCourse.php on line 6
[Thu Dec 05 11:36:27.930274 2019] [php7:notice] [pid 3736:tid 1896] [client ::1:59928] PHP Notice:  Undefined index: pass in C:\\xampp\\htdocs\\CSE370\\register.php on line 186, referer: http://localhost/cse370/newCourse.php
[Thu Dec 05 11:36:27.931022 2019] [php7:notice] [pid 3736:tid 1896] [client ::1:59928] PHP Notice:  Undefined index: pword2 in C:\\xampp\\htdocs\\CSE370\\register.php on line 187, referer: http://localhost/cse370/newCourse.php
[Thu Dec 05 11:36:27.931022 2019] [php7:notice] [pid 3736:tid 1896] [client ::1:59928] PHP Notice:  Undefined index: email in C:\\xampp\\htdocs\\CSE370\\register.php on line 189, referer: http://localhost/cse370/newCourse.php
[Thu Dec 05 11:37:51.899452 2019] [php7:notice] [pid 3736:tid 1888] [client ::1:59967] PHP Notice:  Undefined index: id in C:\\xampp\\htdocs\\CSE370\\newCourse.php on line 6
[Thu Dec 05 11:38:05.512705 2019] [php7:notice] [pid 3736:tid 1896] [client ::1:59976] PHP Notice:  Undefined index: id in C:\\xampp\\htdocs\\CSE370\\newCourse.php on line 6, referer: http://localhost/cse370/newCourse.php
[Thu Dec 05 11:38:05.513738 2019] [php7:notice] [pid 3736:tid 1896] [client ::1:59976] PHP Notice:  Undefined variable: _PORT in C:\\xampp\\htdocs\\CSE370\\newCourse.php on line 174, referer: http://localhost/cse370/newCourse.php
[Thu Dec 05 11:38:05.751024 2019] [php7:notice] [pid 3736:tid 1896] [client ::1:59976] PHP Notice:  Undefined index: id in C:\\xampp\\htdocs\\CSE370\\courses.php on line 150, referer: http://localhost/cse370/newCourse.php
[Thu Dec 05 11:38:05.751024 2019] [php7:notice] [pid 3736:tid 1896] [client ::1:59976] PHP Notice:  Undefined index: id in C:\\xampp\\htdocs\\CSE370\\courses.php on line 159, referer: http://localhost/cse370/newCourse.php
[Thu Dec 05 11:47:47.801064 2019] [php7:notice] [pid 3736:tid 1888] [client ::1:60138] PHP Notice:  Undefined variable: bracu_id in C:\\xampp\\htdocs\\CSE370\\login.php on line 171, referer: http://localhost/cse370/login.php?id=CSE
[Thu Dec 05 11:47:56.166877 2019] [php7:crit] [pid 3736:tid 1896] [client ::1:60140] PHP Parse error:  syntax error, unexpected end of file in C:\\xampp\\htdocs\\CSE370\\courses.php on line 293
[Thu Dec 05 12:04:11.675343 2019] [php7:crit] [pid 3736:tid 1888] [client ::1:60298] PHP Parse error:  syntax error, unexpected 'elseif' (T_ELSEIF), expecting end of file in C:\\xampp\\htdocs\\CSE370\\courses.php on line 148, referer: http://localhost/cse370/department.php
[Thu Dec 05 12:11:18.823812 2019] [ssl:warn] [pid 4648:tid 636] AH01909: www.example.com:443:0 server certificate does NOT include an ID which matches the server name
[Thu Dec 05 12:11:18.897979 2019] [core:warn] [pid 4648:tid 636] AH00098: pid file C:/xampp/apache/logs/httpd.pid overwritten -- Unclean shutdown of previous Apache run?
[Thu Dec 05 12:11:18.913195 2019] [ssl:warn] [pid 4648:tid 636] AH01909: www.example.com:443:0 server certificate does NOT include an ID which matches the server name
[Thu Dec 05 12:11:19.363530 2019] [mpm_winnt:notice] [pid 4648:tid 636] AH00455: Apache/2.4.41 (Win64) OpenSSL/1.1.1c PHP/7.3.11 configured -- resuming normal operations
[Thu Dec 05 12:11:19.363530 2019] [mpm_winnt:notice] [pid 4648:tid 636] AH00456: Apache Lounge VC15 Server built: Aug 11 2019 12:20:04
[Thu Dec 05 12:11:19.363530 2019] [core:notice] [pid 4648:tid 636] AH00094: Command line: 'c:\\xampp\\apache\\bin\\httpd.exe -d C:/xampp/apache'
[Thu Dec 05 12:11:19.370206 2019] [mpm_winnt:notice] [pid 4648:tid 636] AH00418: Parent: Created child process 8768
[Thu Dec 05 12:11:19.947360 2019] [ssl:warn] [pid 8768:tid 632] AH01909: www.example.com:443:0 server certificate does NOT include an ID which matches the server name
[Thu Dec 05 12:11:20.008863 2019] [ssl:warn] [pid 8768:tid 632] AH01909: www.example.com:443:0 server certificate does NOT include an ID which matches the server name
[Thu Dec 05 12:11:20.061686 2019] [mpm_winnt:notice] [pid 8768:tid 632] AH00354: Child: Starting 150 worker threads.
[Thu Dec 05 12:11:24.122314 2019] [php7:warn] [pid 8768:tid 1988] [client 127.0.0.1:60475] PHP Warning:  mysqli::__construct(): (HY000/2002): No connection could be made because the target machine actively refused it.\r\n in C:\\xampp\\htdocs\\CSE370\\db.php on line 9
[Thu Dec 05 12:14:51.485839 2019] [php7:crit] [pid 8768:tid 1988] [client ::1:60500] PHP Parse error:  syntax error, unexpected '==' (T_IS_EQUAL) in C:\\xampp\\htdocs\\CSE370\\index.php on line 63
[Thu Dec 05 12:15:12.747064 2019] [php7:crit] [pid 8768:tid 1888] [client ::1:60502] PHP Parse error:  syntax error, unexpected ')' in C:\\xampp\\htdocs\\CSE370\\index.php on line 71
[Thu Dec 05 12:18:26.690192 2019] [php7:notice] [pid 8768:tid 1888] [client ::1:60544] PHP Notice:  Undefined variable: bracu_id in C:\\xampp\\htdocs\\CSE370\\login.php on line 172, referer: http://localhost/cse370/login.php
[Thu Dec 05 12:24:14.217750 2019] [php7:error] [pid 8768:tid 1888] [client ::1:60617] PHP Fatal error:  Cannot redeclare OpenCon() (previously declared in C:\\xampp\\htdocs\\CSE370\\db.php:4) in C:\\xampp\\htdocs\\CSE370\\db.php on line 12, referer: http://localhost/cse370/index.php
[Thu Dec 05 12:24:42.302500 2019] [php7:notice] [pid 8768:tid 1888] [client ::1:60623] PHP Notice:  Undefined variable: bracu_id in C:\\xampp\\htdocs\\CSE370\\login.php on line 172, referer: http://localhost/cse370/login.php
[Thu Dec 05 12:28:21.943528 2019] [php7:notice] [pid 8768:tid 1988] [client ::1:60671] PHP Notice:  Undefined variable: bracu_id in C:\\xampp\\htdocs\\CSE370\\login.php on line 173, referer: http://localhost/cse370/login.php
[Thu Dec 05 12:28:38.510593 2019] [php7:notice] [pid 8768:tid 1988] [client ::1:60676] PHP Notice:  Undefined variable: bracu_id in C:\\xampp\\htdocs\\CSE370\\login.php on line 173, referer: http://localhost/cse370/login.php
[Thu Dec 05 12:29:33.410397 2019] [php7:notice] [pid 8768:tid 1988] [client ::1:60689] PHP Notice:  Undefined variable: bracu_id in C:\\xampp\\htdocs\\CSE370\\login.php on line 173, referer: http://localhost/cse370/login.php
[Thu Dec 05 12:30:00.289008 2019] [php7:notice] [pid 8768:tid 1988] [client ::1:60698] PHP Notice:  Undefined variable: bracu_id in C:\\xampp\\htdocs\\CSE370\\login.php on line 173, referer: http://localhost/cse370/login.php
[Thu Dec 05 12:46:40.352254 2019] [php7:crit] [pid 8768:tid 1888] [client ::1:60903] PHP Parse error:  syntax error, unexpected '}', expecting end of file in C:\\xampp\\htdocs\\CSE370\\about.php on line 215, referer: http://localhost/cse370/about.php
[Thu Dec 05 12:47:04.914463 2019] [php7:notice] [pid 8768:tid 1900] [client ::1:60905] PHP Notice:  Undefined index: LINK in C:\\xampp\\htdocs\\CSE370\\about.php on line 200, referer: http://localhost/cse370/about.php
[Thu Dec 05 12:47:04.915426 2019] [php7:notice] [pid 8768:tid 1900] [client ::1:60905] PHP Notice:  Undefined index: LINK in C:\\xampp\\htdocs\\CSE370\\about.php on line 200, referer: http://localhost/cse370/about.php
[Thu Dec 05 12:47:04.915426 2019] [php7:notice] [pid 8768:tid 1900] [client ::1:60905] PHP Notice:  Undefined index: LINK in C:\\xampp\\htdocs\\CSE370\\about.php on line 200, referer: http://localhost/cse370/about.php
[Thu Dec 05 12:47:04.915426 2019] [php7:notice] [pid 8768:tid 1900] [client ::1:60905] PHP Notice:  Undefined index: LINK in C:\\xampp\\htdocs\\CSE370\\about.php on line 200, referer: http://localhost/cse370/about.php
[Thu Dec 05 12:47:04.915426 2019] [php7:notice] [pid 8768:tid 1900] [client ::1:60905] PHP Notice:  Undefined index: LINK in C:\\xampp\\htdocs\\CSE370\\about.php on line 200, referer: http://localhost/cse370/about.php
[Thu Dec 05 12:50:33.370831 2019] [php7:error] [pid 8768:tid 1888] [client ::1:60934] PHP Fatal error:  Cannot redeclare OpenCon() (previously declared in C:\\xampp\\htdocs\\CSE370\\db.php:4) in C:\\xampp\\htdocs\\CSE370\\db.php on line 12, referer: http://localhost/cse370/about.php
[Thu Dec 05 12:51:49.353205 2019] [php7:crit] [pid 8768:tid 1888] [client ::1:60940] PHP Parse error:  syntax error, unexpected 'elseif' (T_ELSEIF), expecting end of file in C:\\xampp\\htdocs\\CSE370\\courses.php on line 150, referer: http://localhost/cse370/department.php
[Thu Dec 05 12:54:35.286722 2019] [php7:notice] [pid 8768:tid 1900] [client ::1:60984] PHP Notice:  Undefined variable: query_run in C:\\xampp\\htdocs\\CSE370\\deleteCourse.php on line 9, referer: http://localhost/cse370/courses.php?id=MNS
[Thu Dec 05 13:02:12.981258 2019] [php7:notice] [pid 8768:tid 1888] [client ::1:61220] PHP Notice:  Undefined index: ID in C:\\xampp\\htdocs\\CSE370\\deleteCourse.php on line 11, referer: http://localhost/cse370/courses.php?id=CSE
[Thu Dec 05 13:34:32.311638 2019] [php7:crit] [pid 8768:tid 1888] [client ::1:62009] PHP Parse error:  syntax error, unexpected 'else' (T_ELSE) in C:\\xampp\\htdocs\\CSE370\\upload.php on line 17, referer: http://localhost/cse370/course-single.php?id=ACT421
[Thu Dec 05 13:34:53.896518 2019] [php7:crit] [pid 8768:tid 1900] [client ::1:62011] PHP Parse error:  syntax error, unexpected 'else' (T_ELSE) in C:\\xampp\\htdocs\\CSE370\\upload.php on line 17, referer: http://localhost/cse370/course-single.php?id=ACT421
[Thu Dec 05 13:42:43.363201 2019] [php7:notice] [pid 8768:tid 1900] [client ::1:62159] PHP Notice:  Undefined index: id in C:\\xampp\\htdocs\\CSE370\\newCourse.php on line 6, referer: http://localhost/cse370/newCourse.php?id=CSE
[Thu Dec 05 13:42:43.364198 2019] [php7:notice] [pid 8768:tid 1900] [client ::1:62159] PHP Notice:  Undefined variable: _PORT in C:\\xampp\\htdocs\\CSE370\\newCourse.php on line 185, referer: http://localhost/cse370/newCourse.php?id=CSE
[Thu Dec 05 13:46:32.862758 2019] [php7:notice] [pid 8768:tid 1888] [client ::1:62165] PHP Notice:  Undefined index: id in C:\\xampp\\htdocs\\CSE370\\newCourse.php on line 6, referer: http://localhost/cse370/newCourse.php?id=CSE
[Thu Dec 05 13:46:32.863744 2019] [php7:notice] [pid 8768:tid 1888] [client ::1:62165] PHP Notice:  Undefined variable: _PORT in C:\\xampp\\htdocs\\CSE370\\newCourse.php on line 185, referer: http://localhost/cse370/newCourse.php?id=CSE
[Thu Dec 05 13:47:09.888213 2019] [php7:notice] [pid 8768:tid 1900] [client ::1:62173] PHP Notice:  Undefined variable: _PORT in C:\\xampp\\htdocs\\CSE370\\newCourse.php on line 185, referer: http://localhost/cse370/newCourse.php?id=CSE
[Thu Dec 05 13:47:30.232579 2019] [php7:notice] [pid 8768:tid 1888] [client ::1:62186] PHP Notice:  Undefined variable: _PORT in C:\\xampp\\htdocs\\CSE370\\newCourse.php on line 185, referer: http://localhost/cse370/newCourse.php
[Thu Dec 05 14:02:51.758887 2019] [php7:notice] [pid 8768:tid 1900] [client ::1:62402] PHP Notice:  Undefined variable: substr in C:\\xampp\\htdocs\\CSE370\\course-single.php on line 195, referer: http://localhost/cse370/courses.php?id=BBS
[Thu Dec 05 14:02:51.759884 2019] [php7:error] [pid 8768:tid 1900] [client ::1:62402] PHP Fatal error:  Uncaught Error: Function name must be a string in C:\\xampp\\htdocs\\CSE370\\course-single.php:195\nStack trace:\n#0 {main}\n  thrown in C:\\xampp\\htdocs\\CSE370\\course-single.php on line 195, referer: http://localhost/cse370/courses.php?id=BBS
[Thu Dec 05 14:03:40.928211 2019] [php7:warn] [pid 8768:tid 1888] [client ::1:62416] PHP Warning:  Use of undefined constant row - assumed 'row' (this will throw an Error in a future version of PHP) in C:\\xampp\\htdocs\\CSE370\\course-single.php on line 195, referer: http://localhost/cse370/courses.php?id=BBS
[Thu Dec 05 14:03:40.928211 2019] [php7:warn] [pid 8768:tid 1888] [client ::1:62416] PHP Warning:  Illegal string offset 'LINK' in C:\\xampp\\htdocs\\CSE370\\course-single.php on line 195, referer: http://localhost/cse370/courses.php?id=BBS
[Thu Dec 05 16:56:17.076994 2019] [php7:error] [pid 8768:tid 1888] [client ::1:64518] script 'C:/xampp/htdocs/CSE370/uploadM.php' not found or unable to stat, referer: http://localhost/cse370/course-single.php?id=CSE250
